<?xml version="1.0" encoding="UTF-8"?>
<testng-results total="1" passed="1" failed="0" skipped="0">
  <reporter-output>
  </reporter-output>
  <suite started-at="2022-01-18T00:36:17Z" name="Surefire suite" finished-at="2022-01-18T00:36:17Z" duration-ms="16">
    <groups>
    </groups>
    <test started-at="2022-01-18T00:36:17Z" name="Surefire test" finished-at="2022-01-18T00:36:17Z" duration-ms="16">
      <class name="petsmile.NewTest">
        <test-method is-config="true" signature="setUp()[pri:0, instance:petsmile.NewTest@1623b78d]" started-at="2022-01-17T21:36:17Z" name="setUp" finished-at="2022-01-17T21:36:17Z" duration-ms="7" status="PASS">
          <reporter-output>
          </reporter-output>
        </test-method> <!-- setUp -->
        <test-method signature="f()[pri:0, instance:petsmile.NewTest@1623b78d]" started-at="2022-01-17T21:36:17Z" name="f" finished-at="2022-01-17T21:36:17Z" duration-ms="1" status="PASS">
          <reporter-output>
          </reporter-output>
        </test-method> <!-- f -->
        <test-method is-config="true" signature="tearDown()[pri:0, instance:petsmile.NewTest@1623b78d]" started-at="2022-01-17T21:36:17Z" name="tearDown" finished-at="2022-01-17T21:36:17Z" duration-ms="0" status="PASS">
          <reporter-output>
          </reporter-output>
        </test-method> <!-- tearDown -->
      </class> <!-- petsmile.NewTest -->
    </test> <!-- Surefire test -->
  </suite> <!-- Surefire suite -->
</testng-results>
